0 info it worked if it ends with ok
1 verbose cli [ 'C:\\Program Files\\nodejs\\node.exe',
1 verbose cli   'C:\\Program Files\\nodejs\\node_modules\\npm\\bin\\npm-cli.js',
1 verbose cli   'install',
1 verbose cli   'bcrypt' ]
2 info using npm@2.15.0
3 info using node@v4.4.2
4 verbose install initial load of C:\Users\Kevin\Documents\Personal\Coding\MEAN_stack\MEAN\mean_project\mean_project\package.json
5 warn package.json mean_project@1.0.0 No README data
6 verbose installManyTop reading scoped package data from C:\Users\Kevin\Documents\Personal\Coding\MEAN_stack\MEAN\mean_project\mean_project\node_modules\accepts\package.json
7 verbose installManyTop reading scoped package data from C:\Users\Kevin\Documents\Personal\Coding\MEAN_stack\MEAN\mean_project\mean_project\node_modules\array-flatten\package.json
8 verbose installManyTop reading scoped package data from C:\Users\Kevin\Documents\Personal\Coding\MEAN_stack\MEAN\mean_project\mean_project\node_modules\async\package.json
9 verbose installManyTop reading scoped package data from C:\Users\Kevin\Documents\Personal\Coding\MEAN_stack\MEAN\mean_project\mean_project\node_modules\bluebird\package.json
10 verbose installManyTop reading scoped package data from C:\Users\Kevin\Documents\Personal\Coding\MEAN_stack\MEAN\mean_project\mean_project\node_modules\body-parser\package.json
11 verbose installManyTop reading scoped package data from C:\Users\Kevin\Documents\Personal\Coding\MEAN_stack\MEAN\mean_project\mean_project\node_modules\bson\package.json
12 verbose installManyTop reading scoped package data from C:\Users\Kevin\Documents\Personal\Coding\MEAN_stack\MEAN\mean_project\mean_project\node_modules\bytes\package.json
13 verbose installManyTop reading scoped package data from C:\Users\Kevin\Documents\Personal\Coding\MEAN_stack\MEAN\mean_project\mean_project\node_modules\content-disposition\package.json
14 verbose installManyTop reading scoped package data from C:\Users\Kevin\Documents\Personal\Coding\MEAN_stack\MEAN\mean_project\mean_project\node_modules\content-type\package.json
15 verbose installManyTop reading scoped package data from C:\Users\Kevin\Documents\Personal\Coding\MEAN_stack\MEAN\mean_project\mean_project\node_modules\cookie\package.json
16 verbose installManyTop reading scoped package data from C:\Users\Kevin\Documents\Personal\Coding\MEAN_stack\MEAN\mean_project\mean_project\node_modules\cookie-signature\package.json
17 verbose installManyTop reading scoped package data from C:\Users\Kevin\Documents\Personal\Coding\MEAN_stack\MEAN\mean_project\mean_project\node_modules\core-util-is\package.json
18 verbose installManyTop reading scoped package data from C:\Users\Kevin\Documents\Personal\Coding\MEAN_stack\MEAN\mean_project\mean_project\node_modules\debug\package.json
19 verbose installManyTop reading scoped package data from C:\Users\Kevin\Documents\Personal\Coding\MEAN_stack\MEAN\mean_project\mean_project\node_modules\depd\package.json
20 verbose installManyTop reading scoped package data from C:\Users\Kevin\Documents\Personal\Coding\MEAN_stack\MEAN\mean_project\mean_project\node_modules\destroy\package.json
21 verbose installManyTop reading scoped package data from C:\Users\Kevin\Documents\Personal\Coding\MEAN_stack\MEAN\mean_project\mean_project\node_modules\ee-first\package.json
22 verbose installManyTop reading scoped package data from C:\Users\Kevin\Documents\Personal\Coding\MEAN_stack\MEAN\mean_project\mean_project\node_modules\es6-promise\package.json
23 verbose installManyTop reading scoped package data from C:\Users\Kevin\Documents\Personal\Coding\MEAN_stack\MEAN\mean_project\mean_project\node_modules\escape-html\package.json
24 verbose installManyTop reading scoped package data from C:\Users\Kevin\Documents\Personal\Coding\MEAN_stack\MEAN\mean_project\mean_project\node_modules\etag\package.json
25 verbose installManyTop reading scoped package data from C:\Users\Kevin\Documents\Personal\Coding\MEAN_stack\MEAN\mean_project\mean_project\node_modules\express\package.json
26 verbose installManyTop reading scoped package data from C:\Users\Kevin\Documents\Personal\Coding\MEAN_stack\MEAN\mean_project\mean_project\node_modules\express-session\package.json
27 verbose installManyTop reading scoped package data from C:\Users\Kevin\Documents\Personal\Coding\MEAN_stack\MEAN\mean_project\mean_project\node_modules\finalhandler\package.json
28 verbose installManyTop reading scoped package data from C:\Users\Kevin\Documents\Personal\Coding\MEAN_stack\MEAN\mean_project\mean_project\node_modules\forwarded\package.json
29 verbose installManyTop reading scoped package data from C:\Users\Kevin\Documents\Personal\Coding\MEAN_stack\MEAN\mean_project\mean_project\node_modules\fresh\package.json
30 verbose installManyTop reading scoped package data from C:\Users\Kevin\Documents\Personal\Coding\MEAN_stack\MEAN\mean_project\mean_project\node_modules\hooks-fixed\package.json
31 verbose installManyTop reading scoped package data from C:\Users\Kevin\Documents\Personal\Coding\MEAN_stack\MEAN\mean_project\mean_project\node_modules\http-errors\package.json
32 verbose installManyTop reading scoped package data from C:\Users\Kevin\Documents\Personal\Coding\MEAN_stack\MEAN\mean_project\mean_project\node_modules\iconv-lite\package.json
33 verbose installManyTop reading scoped package data from C:\Users\Kevin\Documents\Personal\Coding\MEAN_stack\MEAN\mean_project\mean_project\node_modules\inherits\package.json
34 verbose installManyTop reading scoped package data from C:\Users\Kevin\Documents\Personal\Coding\MEAN_stack\MEAN\mean_project\mean_project\node_modules\ipaddr.js\package.json
35 verbose installManyTop reading scoped package data from C:\Users\Kevin\Documents\Personal\Coding\MEAN_stack\MEAN\mean_project\mean_project\node_modules\isarray\package.json
36 verbose installManyTop reading scoped package data from C:\Users\Kevin\Documents\Personal\Coding\MEAN_stack\MEAN\mean_project\mean_project\node_modules\kareem\package.json
37 verbose installManyTop reading scoped package data from C:\Users\Kevin\Documents\Personal\Coding\MEAN_stack\MEAN\mean_project\mean_project\node_modules\media-typer\package.json
38 verbose installManyTop reading scoped package data from C:\Users\Kevin\Documents\Personal\Coding\MEAN_stack\MEAN\mean_project\mean_project\node_modules\merge-descriptors\package.json
39 verbose installManyTop reading scoped package data from C:\Users\Kevin\Documents\Personal\Coding\MEAN_stack\MEAN\mean_project\mean_project\node_modules\methods\package.json
40 verbose installManyTop reading scoped package data from C:\Users\Kevin\Documents\Personal\Coding\MEAN_stack\MEAN\mean_project\mean_project\node_modules\mime\package.json
41 verbose installManyTop reading scoped package data from C:\Users\Kevin\Documents\Personal\Coding\MEAN_stack\MEAN\mean_project\mean_project\node_modules\mime-db\package.json
42 verbose installManyTop reading scoped package data from C:\Users\Kevin\Documents\Personal\Coding\MEAN_stack\MEAN\mean_project\mean_project\node_modules\mime-types\package.json
43 verbose installManyTop reading scoped package data from C:\Users\Kevin\Documents\Personal\Coding\MEAN_stack\MEAN\mean_project\mean_project\node_modules\mongodb\package.json
44 verbose installManyTop reading scoped package data from C:\Users\Kevin\Documents\Personal\Coding\MEAN_stack\MEAN\mean_project\mean_project\node_modules\mongodb-core\package.json
45 verbose installManyTop reading scoped package data from C:\Users\Kevin\Documents\Personal\Coding\MEAN_stack\MEAN\mean_project\mean_project\node_modules\mongoose\package.json
46 verbose installManyTop reading scoped package data from C:\Users\Kevin\Documents\Personal\Coding\MEAN_stack\MEAN\mean_project\mean_project\node_modules\mpath\package.json
47 verbose installManyTop reading scoped package data from C:\Users\Kevin\Documents\Personal\Coding\MEAN_stack\MEAN\mean_project\mean_project\node_modules\mpromise\package.json
48 verbose installManyTop reading scoped package data from C:\Users\Kevin\Documents\Personal\Coding\MEAN_stack\MEAN\mean_project\mean_project\node_modules\mquery\package.json
49 verbose installManyTop reading scoped package data from C:\Users\Kevin\Documents\Personal\Coding\MEAN_stack\MEAN\mean_project\mean_project\node_modules\ms\package.json
50 verbose installManyTop reading scoped package data from C:\Users\Kevin\Documents\Personal\Coding\MEAN_stack\MEAN\mean_project\mean_project\node_modules\muri\package.json
51 verbose installManyTop reading scoped package data from C:\Users\Kevin\Documents\Personal\Coding\MEAN_stack\MEAN\mean_project\mean_project\node_modules\negotiator\package.json
52 verbose installManyTop reading scoped package data from C:\Users\Kevin\Documents\Personal\Coding\MEAN_stack\MEAN\mean_project\mean_project\node_modules\on-finished\package.json
53 verbose installManyTop reading scoped package data from C:\Users\Kevin\Documents\Personal\Coding\MEAN_stack\MEAN\mean_project\mean_project\node_modules\parseurl\package.json
54 verbose installManyTop reading scoped package data from C:\Users\Kevin\Documents\Personal\Coding\MEAN_stack\MEAN\mean_project\mean_project\node_modules\passport\package.json
55 verbose installManyTop reading scoped package data from C:\Users\Kevin\Documents\Personal\Coding\MEAN_stack\MEAN\mean_project\mean_project\node_modules\passport-local\package.json
56 verbose installManyTop reading scoped package data from C:\Users\Kevin\Documents\Personal\Coding\MEAN_stack\MEAN\mean_project\mean_project\node_modules\passport-strategy\package.json
57 verbose installManyTop reading scoped package data from C:\Users\Kevin\Documents\Personal\Coding\MEAN_stack\MEAN\mean_project\mean_project\node_modules\path-to-regexp\package.json
58 verbose installManyTop reading scoped package data from C:\Users\Kevin\Documents\Personal\Coding\MEAN_stack\MEAN\mean_project\mean_project\node_modules\pause\package.json
59 verbose installManyTop reading scoped package data from C:\Users\Kevin\Documents\Personal\Coding\MEAN_stack\MEAN\mean_project\mean_project\node_modules\proxy-addr\package.json
60 verbose installManyTop reading scoped package data from C:\Users\Kevin\Documents\Personal\Coding\MEAN_stack\MEAN\mean_project\mean_project\node_modules\qs\package.json
61 verbose installManyTop reading scoped package data from C:\Users\Kevin\Documents\Personal\Coding\MEAN_stack\MEAN\mean_project\mean_project\node_modules\range-parser\package.json
62 verbose installManyTop reading scoped package data from C:\Users\Kevin\Documents\Personal\Coding\MEAN_stack\MEAN\mean_project\mean_project\node_modules\raw-body\package.json
63 verbose installManyTop reading scoped package data from C:\Users\Kevin\Documents\Personal\Coding\MEAN_stack\MEAN\mean_project\mean_project\node_modules\readable-stream\package.json
64 verbose installManyTop reading scoped package data from C:\Users\Kevin\Documents\Personal\Coding\MEAN_stack\MEAN\mean_project\mean_project\node_modules\regexp-clone\package.json
65 verbose installManyTop reading scoped package data from C:\Users\Kevin\Documents\Personal\Coding\MEAN_stack\MEAN\mean_project\mean_project\node_modules\require_optional\package.json
66 verbose installManyTop reading scoped package data from C:\Users\Kevin\Documents\Personal\Coding\MEAN_stack\MEAN\mean_project\mean_project\node_modules\resolve-from\package.json
67 verbose installManyTop reading scoped package data from C:\Users\Kevin\Documents\Personal\Coding\MEAN_stack\MEAN\mean_project\mean_project\node_modules\semver\package.json
68 verbose installManyTop reading scoped package data from C:\Users\Kevin\Documents\Personal\Coding\MEAN_stack\MEAN\mean_project\mean_project\node_modules\send\package.json
69 verbose installManyTop reading scoped package data from C:\Users\Kevin\Documents\Personal\Coding\MEAN_stack\MEAN\mean_project\mean_project\node_modules\serve-static\package.json
70 verbose installManyTop reading scoped package data from C:\Users\Kevin\Documents\Personal\Coding\MEAN_stack\MEAN\mean_project\mean_project\node_modules\sliced\package.json
71 verbose installManyTop reading scoped package data from C:\Users\Kevin\Documents\Personal\Coding\MEAN_stack\MEAN\mean_project\mean_project\node_modules\statuses\package.json
72 verbose installManyTop reading scoped package data from C:\Users\Kevin\Documents\Personal\Coding\MEAN_stack\MEAN\mean_project\mean_project\node_modules\string_decoder\package.json
73 verbose installManyTop reading scoped package data from C:\Users\Kevin\Documents\Personal\Coding\MEAN_stack\MEAN\mean_project\mean_project\node_modules\type-is\package.json
74 verbose installManyTop reading scoped package data from C:\Users\Kevin\Documents\Personal\Coding\MEAN_stack\MEAN\mean_project\mean_project\node_modules\unpipe\package.json
75 verbose installManyTop reading scoped package data from C:\Users\Kevin\Documents\Personal\Coding\MEAN_stack\MEAN\mean_project\mean_project\node_modules\utils-merge\package.json
76 verbose installManyTop reading scoped package data from C:\Users\Kevin\Documents\Personal\Coding\MEAN_stack\MEAN\mean_project\mean_project\node_modules\vary\package.json
77 info package.json hooks-fixed@1.1.0 No license field.
78 info package.json kareem@1.0.1 license should be a valid SPDX license expression
79 info package.json mime@1.3.4 No license field.
80 info package.json ms@0.7.1 No license field.
81 info package.json passport@0.3.2 No README data
82 info package.json passport-local@1.0.0 No license field.
83 info package.json passport-strategy@1.0.0 No license field.
84 info package.json pause@0.0.1 No repository field.
85 info package.json pause@0.0.1 No license field.
86 info package.json utils-merge@1.0.0 No license field.
87 info package.json string_decoder@0.10.31 string_decoder is also the name of a node core module.
88 verbose readDependencies loading dependencies from C:\Users\Kevin\Documents\Personal\Coding\MEAN_stack\MEAN\mean_project\mean_project\package.json
89 silly cache add args [ 'bcrypt', null ]
90 verbose cache add spec bcrypt
91 silly cache add parsed spec Result {
91 silly cache add   raw: 'bcrypt',
91 silly cache add   scope: null,
91 silly cache add   name: 'bcrypt',
91 silly cache add   rawSpec: '',
91 silly cache add   spec: 'latest',
91 silly cache add   type: 'tag' }
92 silly addNamed bcrypt@latest
93 verbose addNamed "latest" is being treated as a dist-tag for bcrypt
94 info addNameTag [ 'bcrypt', 'latest' ]
95 silly mapToRegistry name bcrypt
96 silly mapToRegistry using default registry
97 silly mapToRegistry registry https://registry.npmjs.org/
98 silly mapToRegistry data Result {
98 silly mapToRegistry   raw: 'bcrypt',
98 silly mapToRegistry   scope: null,
98 silly mapToRegistry   name: 'bcrypt',
98 silly mapToRegistry   rawSpec: '',
98 silly mapToRegistry   spec: 'latest',
98 silly mapToRegistry   type: 'tag' }
99 silly mapToRegistry uri https://registry.npmjs.org/bcrypt
100 verbose addNameTag registry:https://registry.npmjs.org/bcrypt not in flight; fetching
101 verbose request uri https://registry.npmjs.org/bcrypt
102 verbose request no auth needed
103 info attempt registry request try #1 at 11:38:26 AM
104 verbose request id 64faaf549791c6d8
105 verbose etag "DF3EBQ6WR5SIL9XWFAS173WIC"
106 http request GET https://registry.npmjs.org/bcrypt
107 http 304 https://registry.npmjs.org/bcrypt
108 verbose headers { date: 'Thu, 28 Apr 2016 18:38:22 GMT',
108 verbose headers   via: '1.1 varnish',
108 verbose headers   'cache-control': 'max-age=300',
108 verbose headers   etag: '"DF3EBQ6WR5SIL9XWFAS173WIC"',
108 verbose headers   age: '0',
108 verbose headers   connection: 'keep-alive',
108 verbose headers   'x-served-by': 'cache-lax1432-LAX',
108 verbose headers   'x-cache': 'HIT',
108 verbose headers   'x-cache-hits': '1',
108 verbose headers   'x-timer': 'S1461868702.925433,VS0,VE91',
108 verbose headers   vary: 'Accept-Encoding' }
109 silly get cb [ 304,
109 silly get   { date: 'Thu, 28 Apr 2016 18:38:22 GMT',
109 silly get     via: '1.1 varnish',
109 silly get     'cache-control': 'max-age=300',
109 silly get     etag: '"DF3EBQ6WR5SIL9XWFAS173WIC"',
109 silly get     age: '0',
109 silly get     connection: 'keep-alive',
109 silly get     'x-served-by': 'cache-lax1432-LAX',
109 silly get     'x-cache': 'HIT',
109 silly get     'x-cache-hits': '1',
109 silly get     'x-timer': 'S1461868702.925433,VS0,VE91',
109 silly get     vary: 'Accept-Encoding' } ]
110 verbose etag https://registry.npmjs.org/bcrypt from cache
111 verbose get saving bcrypt to C:\Users\Kevin\AppData\Roaming\npm-cache\registry.npmjs.org\bcrypt\.cache.json
112 verbose correctMkdir C:\Users\Kevin\AppData\Roaming\npm-cache correctMkdir not in flight; initializing
113 silly addNameTag next cb for bcrypt with tag latest
114 silly addNamed bcrypt@0.8.6
115 verbose addNamed "0.8.6" is a plain semver version for bcrypt
116 silly cache afterAdd bcrypt@0.8.6
117 verbose afterAdd C:\Users\Kevin\AppData\Roaming\npm-cache\bcrypt\0.8.6\package\package.json not in flight; writing
118 verbose correctMkdir C:\Users\Kevin\AppData\Roaming\npm-cache correctMkdir not in flight; initializing
119 verbose afterAdd C:\Users\Kevin\AppData\Roaming\npm-cache\bcrypt\0.8.6\package\package.json written
120 silly install resolved [ { name: 'bcrypt',
120 silly install resolved     description: 'A bcrypt library for NodeJS.',
120 silly install resolved     keywords:
120 silly install resolved      [ 'bcrypt',
120 silly install resolved        'password',
120 silly install resolved        'auth',
120 silly install resolved        'authentication',
120 silly install resolved        'encryption',
120 silly install resolved        'crypt',
120 silly install resolved        'crypto' ],
120 silly install resolved     main: './bcrypt',
120 silly install resolved     version: '0.8.6',
120 silly install resolved     author: { name: 'Nick Campbell', url: 'https://github.com/ncb000gt' },
120 silly install resolved     engines: { node: '>= 0.6.0' },
120 silly install resolved     repository:
120 silly install resolved      { type: 'git',
120 silly install resolved        url: 'git+https://github.com/ncb000gt/node.bcrypt.js.git' },
120 silly install resolved     license: 'MIT',
120 silly install resolved     bugs: { url: 'https://github.com/ncb000gt/node.bcrypt.js/issues' },
120 silly install resolved     scripts:
120 silly install resolved      { test: 'node-gyp configure build && nodeunit test',
120 silly install resolved        install: 'node-gyp rebuild' },
120 silly install resolved     dependencies: { bindings: '1.2.1', nan: '2.2.1' },
120 silly install resolved     devDependencies: { nodeunit: '~0.9.1' },
120 silly install resolved     contributors:
120 silly install resolved      [ [Object],
120 silly install resolved        [Object],
120 silly install resolved        [Object],
120 silly install resolved        [Object],
120 silly install resolved        [Object],
120 silly install resolved        [Object],
120 silly install resolved        [Object],
120 silly install resolved        [Object],
120 silly install resolved        [Object],
120 silly install resolved        [Object],
120 silly install resolved        [Object],
120 silly install resolved        [Object],
120 silly install resolved        [Object],
120 silly install resolved        [Object] ],
120 silly install resolved     gypfile: true,
120 silly install resolved     gitHead: '10f0f99232cea96446e95bf128f718b87aec3237',
120 silly install resolved     homepage: 'https://github.com/ncb000gt/node.bcrypt.js#readme',
120 silly install resolved     _id: 'bcrypt@0.8.6',
120 silly install resolved     _shasum: '182164f7d5e1de94ddd797473efd48b57b1f04b4',
120 silly install resolved     _from: 'bcrypt@latest',
120 silly install resolved     _npmVersion: '3.8.3',
120 silly install resolved     _nodeVersion: '5.10.1',
120 silly install resolved     _npmUser: { name: 'defunctzombie', email: 'shtylman@gmail.com' },
120 silly install resolved     dist:
120 silly install resolved      { shasum: '182164f7d5e1de94ddd797473efd48b57b1f04b4',
120 silly install resolved        tarball: 'https://registry.npmjs.org/bcrypt/-/bcrypt-0.8.6.tgz' },
120 silly install resolved     maintainers: [ [Object], [Object], [Object], [Object] ],
120 silly install resolved     _npmOperationalInternal:
120 silly install resolved      { host: 'packages-12-west.internal.npmjs.com',
120 silly install resolved        tmp: 'tmp/bcrypt-0.8.6.tgz_1461200578042_0.6844706872943789' },
120 silly install resolved     directories: {},
120 silly install resolved     _resolved: 'https://registry.npmjs.org/bcrypt/-/bcrypt-0.8.6.tgz',
120 silly install resolved     readme: 'ERROR: No README data found!' } ]
121 info install bcrypt@0.8.6 into C:\Users\Kevin\Documents\Personal\Coding\MEAN_stack\MEAN\mean_project\mean_project
122 info installOne bcrypt@0.8.6
123 verbose installOne of bcrypt to C:\Users\Kevin\Documents\Personal\Coding\MEAN_stack\MEAN\mean_project\mean_project not in flight; installing
124 verbose correctMkdir C:\Users\Kevin\AppData\Roaming\npm-cache\_locks correctMkdir not in flight; initializing
125 verbose lock using C:\Users\Kevin\AppData\Roaming\npm-cache\_locks\bcrypt-6cc4337dc8facef6.lock for C:\Users\Kevin\Documents\Personal\Coding\MEAN_stack\MEAN\mean_project\mean_project\node_modules\bcrypt
126 silly install write writing bcrypt 0.8.6 to C:\Users\Kevin\Documents\Personal\Coding\MEAN_stack\MEAN\mean_project\mean_project\node_modules\bcrypt
127 verbose unbuild node_modules\bcrypt
128 silly gentlyRm C:\Users\Kevin\Documents\Personal\Coding\MEAN_stack\MEAN\mean_project\mean_project\node_modules\bcrypt is being purged from base C:\Users\Kevin\Documents\Personal\Coding\MEAN_stack\MEAN\mean_project\mean_project
129 verbose gentlyRm don't care about contents; nuking C:\Users\Kevin\Documents\Personal\Coding\MEAN_stack\MEAN\mean_project\mean_project\node_modules\bcrypt
130 verbose tar unpack C:\Users\Kevin\AppData\Roaming\npm-cache\bcrypt\0.8.6\package.tgz
131 verbose tar unpacking to C:\Users\Kevin\Documents\Personal\Coding\MEAN_stack\MEAN\mean_project\mean_project\node_modules\bcrypt
132 silly gentlyRm C:\Users\Kevin\Documents\Personal\Coding\MEAN_stack\MEAN\mean_project\mean_project\node_modules\bcrypt is being purged
133 verbose gentlyRm don't care about contents; nuking C:\Users\Kevin\Documents\Personal\Coding\MEAN_stack\MEAN\mean_project\mean_project\node_modules\bcrypt
134 silly gunzTarPerm modes [ '777', '666' ]
135 silly gunzTarPerm extractEntry package.json
136 silly gunzTarPerm modified mode [ 'package.json', 420, 438 ]
137 silly gunzTarPerm extractEntry .npmignore
138 silly gunzTarPerm modified mode [ '.npmignore', 420, 438 ]
139 silly gunzTarPerm extractEntry README.md
140 silly gunzTarPerm modified mode [ 'README.md', 420, 438 ]
141 silly gunzTarPerm extractEntry LICENSE
142 silly gunzTarPerm modified mode [ 'LICENSE', 420, 438 ]
143 silly gunzTarPerm extractEntry bcrypt.js
144 silly gunzTarPerm modified mode [ 'bcrypt.js', 420, 438 ]
145 silly gunzTarPerm extractEntry Makefile
146 silly gunzTarPerm modified mode [ 'Makefile', 420, 438 ]
147 silly gunzTarPerm extractEntry .travis.yml
148 silly gunzTarPerm modified mode [ '.travis.yml', 420, 438 ]
149 silly gunzTarPerm extractEntry CHANGELOG.md
150 silly gunzTarPerm modified mode [ 'CHANGELOG.md', 420, 438 ]
151 silly gunzTarPerm extractEntry binding.gyp
152 silly gunzTarPerm modified mode [ 'binding.gyp', 420, 438 ]
153 silly gunzTarPerm extractEntry examples/async_compare.js
154 silly gunzTarPerm modified mode [ 'examples/async_compare.js', 420, 438 ]
155 silly gunzTarPerm extractEntry examples/forever_gen_salt.js
156 silly gunzTarPerm modified mode [ 'examples/forever_gen_salt.js', 420, 438 ]
157 silly gunzTarPerm extractEntry test/async.js
158 silly gunzTarPerm modified mode [ 'test/async.js', 420, 438 ]
159 silly gunzTarPerm extractEntry test/repetitions.js
160 silly gunzTarPerm modified mode [ 'test/repetitions.js', 420, 438 ]
161 silly gunzTarPerm extractEntry test/sync.js
162 silly gunzTarPerm modified mode [ 'test/sync.js', 420, 438 ]
163 silly gunzTarPerm extractEntry src/bcrypt.cc
164 silly gunzTarPerm modified mode [ 'src/bcrypt.cc', 420, 438 ]
165 silly gunzTarPerm extractEntry src/bcrypt_node.cc
166 silly gunzTarPerm modified mode [ 'src/bcrypt_node.cc', 420, 438 ]
167 silly gunzTarPerm extractEntry src/blowfish.cc
168 silly gunzTarPerm modified mode [ 'src/blowfish.cc', 420, 438 ]
169 silly gunzTarPerm extractEntry src/node_blf.h
170 silly gunzTarPerm modified mode [ 'src/node_blf.h', 420, 438 ]
171 silly gunzTarPerm extractEntry werker.yml
172 silly gunzTarPerm modified mode [ 'werker.yml', 420, 438 ]
173 verbose write writing to C:\Users\Kevin\Documents\Personal\Coding\MEAN_stack\MEAN\mean_project\mean_project\node_modules\bcrypt\package.json
174 info preinstall bcrypt@0.8.6
175 verbose readDependencies loading dependencies from C:\Users\Kevin\Documents\Personal\Coding\MEAN_stack\MEAN\mean_project\mean_project\node_modules\bcrypt\package.json
176 silly prepareForInstallMany adding bindings@1.2.1 from bcrypt dependencies
177 silly prepareForInstallMany adding nan@2.2.1 from bcrypt dependencies
178 verbose readDependencies loading dependencies from C:\Users\Kevin\Documents\Personal\Coding\MEAN_stack\MEAN\mean_project\mean_project\node_modules\bcrypt\package.json
179 silly cache add args [ 'bindings@1.2.1', null ]
180 verbose cache add spec bindings@1.2.1
181 silly cache add args [ 'nan@2.2.1', null ]
182 verbose cache add spec nan@2.2.1
183 silly cache add parsed spec Result {
183 silly cache add   raw: 'bindings@1.2.1',
183 silly cache add   scope: null,
183 silly cache add   name: 'bindings',
183 silly cache add   rawSpec: '1.2.1',
183 silly cache add   spec: '1.2.1',
183 silly cache add   type: 'version' }
184 silly addNamed bindings@1.2.1
185 verbose addNamed "1.2.1" is a plain semver version for bindings
186 silly mapToRegistry name bindings
187 silly mapToRegistry using default registry
188 silly mapToRegistry registry https://registry.npmjs.org/
189 silly mapToRegistry data Result {
189 silly mapToRegistry   raw: 'bindings',
189 silly mapToRegistry   scope: null,
189 silly mapToRegistry   name: 'bindings',
189 silly mapToRegistry   rawSpec: '',
189 silly mapToRegistry   spec: 'latest',
189 silly mapToRegistry   type: 'tag' }
190 silly mapToRegistry uri https://registry.npmjs.org/bindings
191 verbose addNameVersion registry:https://registry.npmjs.org/bindings not in flight; fetching
192 silly cache add parsed spec Result {
192 silly cache add   raw: 'nan@2.2.1',
192 silly cache add   scope: null,
192 silly cache add   name: 'nan',
192 silly cache add   rawSpec: '2.2.1',
192 silly cache add   spec: '2.2.1',
192 silly cache add   type: 'version' }
193 silly addNamed nan@2.2.1
194 verbose addNamed "2.2.1" is a plain semver version for nan
195 silly mapToRegistry name nan
196 silly mapToRegistry using default registry
197 silly mapToRegistry registry https://registry.npmjs.org/
198 silly mapToRegistry data Result {
198 silly mapToRegistry   raw: 'nan',
198 silly mapToRegistry   scope: null,
198 silly mapToRegistry   name: 'nan',
198 silly mapToRegistry   rawSpec: '',
198 silly mapToRegistry   spec: 'latest',
198 silly mapToRegistry   type: 'tag' }
199 silly mapToRegistry uri https://registry.npmjs.org/nan
200 verbose addNameVersion registry:https://registry.npmjs.org/nan not in flight; fetching
201 verbose request uri https://registry.npmjs.org/nan
202 verbose request no auth needed
203 info attempt registry request try #1 at 11:38:26 AM
204 verbose etag "EHABLM48HODTES4F53YIIAWSX"
205 http request GET https://registry.npmjs.org/nan
206 http 304 https://registry.npmjs.org/nan
207 verbose headers { date: 'Thu, 28 Apr 2016 18:38:23 GMT',
207 verbose headers   via: '1.1 varnish',
207 verbose headers   'cache-control': 'max-age=300',
207 verbose headers   etag: '"EHABLM48HODTES4F53YIIAWSX"',
207 verbose headers   age: '8',
207 verbose headers   connection: 'keep-alive',
207 verbose headers   'x-served-by': 'cache-lax1432-LAX',
207 verbose headers   'x-cache': 'HIT',
207 verbose headers   'x-cache-hits': '2',
207 verbose headers   'x-timer': 'S1461868703.307632,VS0,VE0',
207 verbose headers   vary: 'Accept-Encoding' }
208 silly get cb [ 304,
208 silly get   { date: 'Thu, 28 Apr 2016 18:38:23 GMT',
208 silly get     via: '1.1 varnish',
208 silly get     'cache-control': 'max-age=300',
208 silly get     etag: '"EHABLM48HODTES4F53YIIAWSX"',
208 silly get     age: '8',
208 silly get     connection: 'keep-alive',
208 silly get     'x-served-by': 'cache-lax1432-LAX',
208 silly get     'x-cache': 'HIT',
208 silly get     'x-cache-hits': '2',
208 silly get     'x-timer': 'S1461868703.307632,VS0,VE0',
208 silly get     vary: 'Accept-Encoding' } ]
209 verbose etag https://registry.npmjs.org/nan from cache
210 verbose get saving nan to C:\Users\Kevin\AppData\Roaming\npm-cache\registry.npmjs.org\nan\.cache.json
211 verbose correctMkdir C:\Users\Kevin\AppData\Roaming\npm-cache correctMkdir not in flight; initializing
212 verbose request uri https://registry.npmjs.org/bindings
213 verbose request no auth needed
214 info attempt registry request try #1 at 11:38:26 AM
215 verbose etag "1LLBF9OH58DLBEL4629U6032D"
216 http request GET https://registry.npmjs.org/bindings
217 http 304 https://registry.npmjs.org/bindings
218 verbose headers { date: 'Thu, 28 Apr 2016 18:38:23 GMT',
218 verbose headers   via: '1.1 varnish',
218 verbose headers   'cache-control': 'max-age=300',
218 verbose headers   etag: '"1LLBF9OH58DLBEL4629U6032D"',
218 verbose headers   age: '96',
218 verbose headers   connection: 'keep-alive',
218 verbose headers   'x-served-by': 'cache-lax1432-LAX',
218 verbose headers   'x-cache': 'HIT',
218 verbose headers   'x-cache-hits': '3',
218 verbose headers   'x-timer': 'S1461868703.325257,VS0,VE0',
218 verbose headers   vary: 'Accept-Encoding' }
219 silly get cb [ 304,
219 silly get   { date: 'Thu, 28 Apr 2016 18:38:23 GMT',
219 silly get     via: '1.1 varnish',
219 silly get     'cache-control': 'max-age=300',
219 silly get     etag: '"1LLBF9OH58DLBEL4629U6032D"',
219 silly get     age: '96',
219 silly get     connection: 'keep-alive',
219 silly get     'x-served-by': 'cache-lax1432-LAX',
219 silly get     'x-cache': 'HIT',
219 silly get     'x-cache-hits': '3',
219 silly get     'x-timer': 'S1461868703.325257,VS0,VE0',
219 silly get     vary: 'Accept-Encoding' } ]
220 verbose etag https://registry.npmjs.org/bindings from cache
221 verbose get saving bindings to C:\Users\Kevin\AppData\Roaming\npm-cache\registry.npmjs.org\bindings\.cache.json
222 verbose correctMkdir C:\Users\Kevin\AppData\Roaming\npm-cache correctMkdir not in flight; initializing
223 silly cache afterAdd bindings@1.2.1
224 verbose afterAdd C:\Users\Kevin\AppData\Roaming\npm-cache\bindings\1.2.1\package\package.json not in flight; writing
225 verbose correctMkdir C:\Users\Kevin\AppData\Roaming\npm-cache correctMkdir not in flight; initializing
226 silly cache afterAdd nan@2.2.1
227 verbose afterAdd C:\Users\Kevin\AppData\Roaming\npm-cache\nan\2.2.1\package\package.json not in flight; writing
228 verbose correctMkdir C:\Users\Kevin\AppData\Roaming\npm-cache correctMkdir not in flight; initializing
229 verbose afterAdd C:\Users\Kevin\AppData\Roaming\npm-cache\bindings\1.2.1\package\package.json written
230 verbose afterAdd C:\Users\Kevin\AppData\Roaming\npm-cache\nan\2.2.1\package\package.json written
231 silly install resolved [ { name: 'bindings',
231 silly install resolved     description: 'Helper module for loading your native module\'s .node file',
231 silly install resolved     keywords: [ 'native', 'addon', 'bindings', 'gyp', 'waf', 'c', 'c++' ],
231 silly install resolved     version: '1.2.1',
231 silly install resolved     author:
231 silly install resolved      { name: 'Nathan Rajlich',
231 silly install resolved        email: 'nathan@tootallnate.net',
231 silly install resolved        url: 'http://tootallnate.net' },
231 silly install resolved     repository:
231 silly install resolved      { type: 'git',
231 silly install resolved        url: 'git://github.com/TooTallNate/node-bindings.git' },
231 silly install resolved     main: './bindings.js',
231 silly install resolved     bugs: { url: 'https://github.com/TooTallNate/node-bindings/issues' },
231 silly install resolved     homepage: 'https://github.com/TooTallNate/node-bindings',
231 silly install resolved     license: 'MIT',
231 silly install resolved     gitHead: 'e404152ee27f8478ccbc7122ee051246e8e5ec02',
231 silly install resolved     _id: 'bindings@1.2.1',
231 silly install resolved     scripts: {},
231 silly install resolved     _shasum: '14ad6113812d2d37d72e67b4cacb4bb726505f11',
231 silly install resolved     _from: 'bindings@1.2.1',
231 silly install resolved     _npmVersion: '1.4.14',
231 silly install resolved     _npmUser: { name: 'tootallnate', email: 'nathan@tootallnate.net' },
231 silly install resolved     maintainers: [ [Object], [Object] ],
231 silly install resolved     dist:
231 silly install resolved      { shasum: '14ad6113812d2d37d72e67b4cacb4bb726505f11',
231 silly install resolved        tarball: 'https://registry.npmjs.org/bindings/-/bindings-1.2.1.tgz' },
231 silly install resolved     directories: {},
231 silly install resolved     _resolved: 'https://registry.npmjs.org/bindings/-/bindings-1.2.1.tgz',
231 silly install resolved     readme: 'ERROR: No README data found!' },
231 silly install resolved   { name: 'nan',
231 silly install resolved     version: '2.2.1',
231 silly install resolved     description: 'Native Abstractions for Node.js: C++ header for Node 0.8 -> 4 compatibility',
231 silly install resolved     main: 'include_dirs.js',
231 silly install resolved     repository: { type: 'git', url: 'git://github.com/nodejs/nan.git' },
231 silly install resolved     scripts:
231 silly install resolved      { test: 'tap --gc test/js/*-test.js',
231 silly install resolved        'rebuild-tests': 'node-gyp rebuild --msvs_version=2013 --directory test',
231 silly install resolved        docs: 'doc/.build.sh' },
231 silly install resolved     contributors:
231 silly install resolved      [ [Object],
231 silly install resolved        [Object],
231 silly install resolved        [Object],
231 silly install resolved        [Object],
231 silly install resolved        [Object],
231 silly install resolved        [Object],
231 silly install resolved        [Object] ],
231 silly install resolved     devDependencies:
231 silly install resolved      { bindings: '~1.2.1',
231 silly install resolved        commander: '^2.8.1',
231 silly install resolved        glob: '^5.0.14',
231 silly install resolved        'node-gyp': '~3.0.1',
231 silly install resolved        tap: '~0.7.1',
231 silly install resolved        xtend: '~4.0.0' },
231 silly install resolved     license: 'MIT',
231 silly install resolved     bugs: { url: 'https://github.com/nodejs/nan/issues' },
231 silly install resolved     homepage: 'https://github.com/nodejs/nan#readme',
231 silly install resolved     _id: 'nan@2.2.1',
231 silly install resolved     _shasum: 'd68693f6b34bb41d66bc68b3a4f9defc79d7149b',
231 silly install resolved     _resolved: 'https://registry.npmjs.org/nan/-/nan-2.2.1.tgz',
231 silly install resolved     _from: 'nan@2.2.1',
231 silly install resolved     _npmVersion: '3.3.6',
231 silly install resolved     _nodeVersion: '5.0.0',
231 silly install resolved     _npmUser: { name: 'kkoopa', email: 'bbyholm@abo.fi' },
231 silly install resolved     dist:
231 silly install resolved      { shasum: 'd68693f6b34bb41d66bc68b3a4f9defc79d7149b',
231 silly install resolved        tarball: 'https://registry.npmjs.org/nan/-/nan-2.2.1.tgz' },
231 silly install resolved     maintainers: [ [Object], [Object] ],
231 silly install resolved     _npmOperationalInternal:
231 silly install resolved      { host: 'packages-12-west.internal.npmjs.com',
231 silly install resolved        tmp: 'tmp/nan-2.2.1.tgz_1459265439909_0.12396649201400578' },
231 silly install resolved     directories: {},
231 silly install resolved     readme: 'ERROR: No README data found!' } ]
232 info install bindings@1.2.1 into C:\Users\Kevin\Documents\Personal\Coding\MEAN_stack\MEAN\mean_project\mean_project\node_modules\bcrypt
233 info install nan@2.2.1 into C:\Users\Kevin\Documents\Personal\Coding\MEAN_stack\MEAN\mean_project\mean_project\node_modules\bcrypt
234 info installOne bindings@1.2.1
235 verbose installOne of bindings to C:\Users\Kevin\Documents\Personal\Coding\MEAN_stack\MEAN\mean_project\mean_project\node_modules\bcrypt not in flight; installing
236 verbose correctMkdir C:\Users\Kevin\AppData\Roaming\npm-cache\_locks correctMkdir not in flight; initializing
237 info installOne nan@2.2.1
238 verbose installOne of nan to C:\Users\Kevin\Documents\Personal\Coding\MEAN_stack\MEAN\mean_project\mean_project\node_modules\bcrypt not in flight; installing
239 verbose correctMkdir C:\Users\Kevin\AppData\Roaming\npm-cache\_locks correctMkdir not in flight; initializing
240 verbose lock using C:\Users\Kevin\AppData\Roaming\npm-cache\_locks\bindings-ec246506785389c6.lock for C:\Users\Kevin\Documents\Personal\Coding\MEAN_stack\MEAN\mean_project\mean_project\node_modules\bcrypt\node_modules\bindings
241 verbose lock using C:\Users\Kevin\AppData\Roaming\npm-cache\_locks\nan-9ec16dd5eced4c85.lock for C:\Users\Kevin\Documents\Personal\Coding\MEAN_stack\MEAN\mean_project\mean_project\node_modules\bcrypt\node_modules\nan
242 silly install write writing bindings 1.2.1 to C:\Users\Kevin\Documents\Personal\Coding\MEAN_stack\MEAN\mean_project\mean_project\node_modules\bcrypt\node_modules\bindings
243 silly install write writing nan 2.2.1 to C:\Users\Kevin\Documents\Personal\Coding\MEAN_stack\MEAN\mean_project\mean_project\node_modules\bcrypt\node_modules\nan
244 verbose unbuild node_modules\bcrypt\node_modules\bindings
245 verbose unbuild node_modules\bcrypt\node_modules\nan
246 silly gentlyRm C:\Users\Kevin\Documents\Personal\Coding\MEAN_stack\MEAN\mean_project\mean_project\node_modules\bcrypt\node_modules\bindings is being purged from base C:\Users\Kevin\Documents\Personal\Coding\MEAN_stack\MEAN\mean_project\mean_project
247 verbose gentlyRm don't care about contents; nuking C:\Users\Kevin\Documents\Personal\Coding\MEAN_stack\MEAN\mean_project\mean_project\node_modules\bcrypt\node_modules\bindings
248 verbose tar unpack C:\Users\Kevin\AppData\Roaming\npm-cache\bindings\1.2.1\package.tgz
249 verbose tar unpacking to C:\Users\Kevin\Documents\Personal\Coding\MEAN_stack\MEAN\mean_project\mean_project\node_modules\bcrypt\node_modules\bindings
250 silly gentlyRm C:\Users\Kevin\Documents\Personal\Coding\MEAN_stack\MEAN\mean_project\mean_project\node_modules\bcrypt\node_modules\bindings is being purged
251 verbose gentlyRm don't care about contents; nuking C:\Users\Kevin\Documents\Personal\Coding\MEAN_stack\MEAN\mean_project\mean_project\node_modules\bcrypt\node_modules\bindings
252 silly gentlyRm C:\Users\Kevin\Documents\Personal\Coding\MEAN_stack\MEAN\mean_project\mean_project\node_modules\bcrypt\node_modules\nan is being purged from base C:\Users\Kevin\Documents\Personal\Coding\MEAN_stack\MEAN\mean_project\mean_project
253 verbose gentlyRm don't care about contents; nuking C:\Users\Kevin\Documents\Personal\Coding\MEAN_stack\MEAN\mean_project\mean_project\node_modules\bcrypt\node_modules\nan
254 silly gunzTarPerm modes [ '777', '666' ]
255 verbose tar unpack C:\Users\Kevin\AppData\Roaming\npm-cache\nan\2.2.1\package.tgz
256 verbose tar unpacking to C:\Users\Kevin\Documents\Personal\Coding\MEAN_stack\MEAN\mean_project\mean_project\node_modules\bcrypt\node_modules\nan
257 silly gentlyRm C:\Users\Kevin\Documents\Personal\Coding\MEAN_stack\MEAN\mean_project\mean_project\node_modules\bcrypt\node_modules\nan is being purged
258 verbose gentlyRm don't care about contents; nuking C:\Users\Kevin\Documents\Personal\Coding\MEAN_stack\MEAN\mean_project\mean_project\node_modules\bcrypt\node_modules\nan
259 silly gunzTarPerm modes [ '777', '666' ]
260 silly gunzTarPerm extractEntry package.json
261 silly gunzTarPerm modified mode [ 'package.json', 420, 438 ]
262 silly gunzTarPerm extractEntry package.json
263 silly gunzTarPerm modified mode [ 'package.json', 436, 438 ]
264 silly gunzTarPerm extractEntry README.md
265 silly gunzTarPerm modified mode [ 'README.md', 420, 438 ]
266 silly gunzTarPerm extractEntry bindings.js
267 silly gunzTarPerm modified mode [ 'bindings.js', 420, 438 ]
268 silly gunzTarPerm extractEntry include_dirs.js
269 silly gunzTarPerm modified mode [ 'include_dirs.js', 436, 438 ]
270 silly gunzTarPerm extractEntry nan_converters.h
271 silly gunzTarPerm modified mode [ 'nan_converters.h', 436, 438 ]
272 silly gunzTarPerm extractEntry LICENSE.md
273 silly gunzTarPerm modified mode [ 'LICENSE.md', 436, 438 ]
274 silly gunzTarPerm extractEntry .dntrc
275 silly gunzTarPerm modified mode [ '.dntrc', 436, 438 ]
276 silly gunzTarPerm extractEntry appveyor.yml
277 silly gunzTarPerm modified mode [ 'appveyor.yml', 436, 438 ]
278 silly gunzTarPerm extractEntry doc/new.md
279 silly gunzTarPerm modified mode [ 'doc/new.md', 436, 438 ]
280 verbose write writing to C:\Users\Kevin\Documents\Personal\Coding\MEAN_stack\MEAN\mean_project\mean_project\node_modules\bcrypt\node_modules\bindings\package.json
281 silly gunzTarPerm extractEntry doc/.build.sh
282 silly gunzTarPerm modified mode [ 'doc/.build.sh', 509, 511 ]
283 info preinstall bindings@1.2.1
284 silly gunzTarPerm extractEntry doc/buffers.md
285 silly gunzTarPerm modified mode [ 'doc/buffers.md', 436, 438 ]
286 silly gunzTarPerm extractEntry doc/callback.md
287 silly gunzTarPerm modified mode [ 'doc/callback.md', 436, 438 ]
288 verbose readDependencies loading dependencies from C:\Users\Kevin\Documents\Personal\Coding\MEAN_stack\MEAN\mean_project\mean_project\node_modules\bcrypt\node_modules\bindings\package.json
289 verbose readDependencies loading dependencies from C:\Users\Kevin\Documents\Personal\Coding\MEAN_stack\MEAN\mean_project\mean_project\node_modules\bcrypt\node_modules\bindings\package.json
290 silly install resolved []
291 verbose about to build C:\Users\Kevin\Documents\Personal\Coding\MEAN_stack\MEAN\mean_project\mean_project\node_modules\bcrypt\node_modules\bindings
292 info build C:\Users\Kevin\Documents\Personal\Coding\MEAN_stack\MEAN\mean_project\mean_project\node_modules\bcrypt\node_modules\bindings
293 silly gunzTarPerm extractEntry doc/converters.md
294 silly gunzTarPerm modified mode [ 'doc/converters.md', 436, 438 ]
295 silly gunzTarPerm extractEntry doc/errors.md
296 silly gunzTarPerm modified mode [ 'doc/errors.md', 436, 438 ]
297 info linkStuff bindings@1.2.1
298 silly linkStuff bindings@1.2.1 has C:\Users\Kevin\Documents\Personal\Coding\MEAN_stack\MEAN\mean_project\mean_project\node_modules\bcrypt\node_modules as its parent node_modules
299 verbose linkBins bindings@1.2.1
300 verbose linkMans bindings@1.2.1
301 verbose rebuildBundles bindings@1.2.1
302 silly gunzTarPerm extractEntry doc/maybe_types.md
303 silly gunzTarPerm modified mode [ 'doc/maybe_types.md', 436, 438 ]
304 silly gunzTarPerm extractEntry doc/methods.md
305 silly gunzTarPerm modified mode [ 'doc/methods.md', 436, 438 ]
306 info install bindings@1.2.1
307 info postinstall bindings@1.2.1
308 verbose unlock done using C:\Users\Kevin\AppData\Roaming\npm-cache\_locks\bindings-ec246506785389c6.lock for C:\Users\Kevin\Documents\Personal\Coding\MEAN_stack\MEAN\mean_project\mean_project\node_modules\bcrypt\node_modules\bindings
309 silly gunzTarPerm extractEntry doc/asyncworker.md
310 silly gunzTarPerm modified mode [ 'doc/asyncworker.md', 436, 438 ]
311 silly gunzTarPerm extractEntry doc/node_misc.md
312 silly gunzTarPerm modified mode [ 'doc/node_misc.md', 436, 438 ]
313 silly gunzTarPerm extractEntry doc/object_wrappers.md
314 silly gunzTarPerm modified mode [ 'doc/object_wrappers.md', 436, 438 ]
315 silly gunzTarPerm extractEntry doc/persistent.md
316 silly gunzTarPerm modified mode [ 'doc/persistent.md', 436, 438 ]
317 silly gunzTarPerm extractEntry doc/scopes.md
318 silly gunzTarPerm modified mode [ 'doc/scopes.md', 436, 438 ]
319 silly gunzTarPerm extractEntry doc/script.md
320 silly gunzTarPerm modified mode [ 'doc/script.md', 436, 438 ]
321 silly gunzTarPerm extractEntry doc/string_bytes.md
322 silly gunzTarPerm modified mode [ 'doc/string_bytes.md', 436, 438 ]
323 silly gunzTarPerm extractEntry doc/v8_internals.md
324 silly gunzTarPerm modified mode [ 'doc/v8_internals.md', 436, 438 ]
325 silly gunzTarPerm extractEntry doc/v8_misc.md
326 silly gunzTarPerm modified mode [ 'doc/v8_misc.md', 436, 438 ]
327 silly gunzTarPerm extractEntry nan.h
328 silly gunzTarPerm modified mode [ 'nan.h', 436, 438 ]
329 silly gunzTarPerm extractEntry nan_callbacks.h
330 silly gunzTarPerm modified mode [ 'nan_callbacks.h', 436, 438 ]
331 silly gunzTarPerm extractEntry nan_callbacks_12_inl.h
332 silly gunzTarPerm modified mode [ 'nan_callbacks_12_inl.h', 436, 438 ]
333 silly gunzTarPerm extractEntry nan_callbacks_pre_12_inl.h
334 silly gunzTarPerm modified mode [ 'nan_callbacks_pre_12_inl.h', 436, 438 ]
335 silly gunzTarPerm extractEntry nan_converters_43_inl.h
336 silly gunzTarPerm modified mode [ 'nan_converters_43_inl.h', 436, 438 ]
337 silly gunzTarPerm extractEntry nan_converters_pre_43_inl.h
338 silly gunzTarPerm modified mode [ 'nan_converters_pre_43_inl.h', 436, 438 ]
339 silly gunzTarPerm extractEntry nan_implementation_12_inl.h
340 silly gunzTarPerm modified mode [ 'nan_implementation_12_inl.h', 436, 438 ]
341 silly gunzTarPerm extractEntry nan_implementation_pre_12_inl.h
342 silly gunzTarPerm modified mode [ 'nan_implementation_pre_12_inl.h', 436, 438 ]
343 silly gunzTarPerm extractEntry nan_maybe_43_inl.h
344 silly gunzTarPerm modified mode [ 'nan_maybe_43_inl.h', 436, 438 ]
345 silly gunzTarPerm extractEntry nan_maybe_pre_43_inl.h
346 silly gunzTarPerm modified mode [ 'nan_maybe_pre_43_inl.h', 436, 438 ]
347 silly gunzTarPerm extractEntry nan_new.h
348 silly gunzTarPerm modified mode [ 'nan_new.h', 436, 438 ]
349 silly gunzTarPerm extractEntry nan_object_wrap.h
350 silly gunzTarPerm modified mode [ 'nan_object_wrap.h', 436, 438 ]
351 silly gunzTarPerm extractEntry nan_persistent_12_inl.h
352 silly gunzTarPerm modified mode [ 'nan_persistent_12_inl.h', 436, 438 ]
353 silly gunzTarPerm extractEntry nan_persistent_pre_12_inl.h
354 silly gunzTarPerm modified mode [ 'nan_persistent_pre_12_inl.h', 436, 438 ]
355 silly gunzTarPerm extractEntry nan_string_bytes.h
356 silly gunzTarPerm modified mode [ 'nan_string_bytes.h', 436, 438 ]
357 silly gunzTarPerm extractEntry nan_typedarray_contents.h
358 silly gunzTarPerm modified mode [ 'nan_typedarray_contents.h', 436, 438 ]
359 silly gunzTarPerm extractEntry nan_weak.h
360 silly gunzTarPerm modified mode [ 'nan_weak.h', 436, 438 ]
361 silly gunzTarPerm extractEntry CHANGELOG.md
362 silly gunzTarPerm modified mode [ 'CHANGELOG.md', 436, 438 ]
363 silly gunzTarPerm extractEntry tools/package.json
364 silly gunzTarPerm modified mode [ 'tools/package.json', 436, 438 ]
365 silly gunzTarPerm extractEntry tools/README.md
366 silly gunzTarPerm modified mode [ 'tools/README.md', 436, 438 ]
367 silly gunzTarPerm extractEntry tools/1to2.js
368 silly gunzTarPerm modified mode [ 'tools/1to2.js', 509, 511 ]
369 verbose write writing to C:\Users\Kevin\Documents\Personal\Coding\MEAN_stack\MEAN\mean_project\mean_project\node_modules\bcrypt\node_modules\nan\package.json
370 info preinstall nan@2.2.1
371 verbose readDependencies loading dependencies from C:\Users\Kevin\Documents\Personal\Coding\MEAN_stack\MEAN\mean_project\mean_project\node_modules\bcrypt\node_modules\nan\package.json
372 verbose readDependencies loading dependencies from C:\Users\Kevin\Documents\Personal\Coding\MEAN_stack\MEAN\mean_project\mean_project\node_modules\bcrypt\node_modules\nan\package.json
373 silly install resolved []
374 verbose about to build C:\Users\Kevin\Documents\Personal\Coding\MEAN_stack\MEAN\mean_project\mean_project\node_modules\bcrypt\node_modules\nan
375 info build C:\Users\Kevin\Documents\Personal\Coding\MEAN_stack\MEAN\mean_project\mean_project\node_modules\bcrypt\node_modules\nan
376 info linkStuff nan@2.2.1
377 silly linkStuff nan@2.2.1 has C:\Users\Kevin\Documents\Personal\Coding\MEAN_stack\MEAN\mean_project\mean_project\node_modules\bcrypt\node_modules as its parent node_modules
378 verbose linkBins nan@2.2.1
379 verbose linkMans nan@2.2.1
380 verbose rebuildBundles nan@2.2.1
381 info install nan@2.2.1
382 info postinstall nan@2.2.1
383 verbose unlock done using C:\Users\Kevin\AppData\Roaming\npm-cache\_locks\nan-9ec16dd5eced4c85.lock for C:\Users\Kevin\Documents\Personal\Coding\MEAN_stack\MEAN\mean_project\mean_project\node_modules\bcrypt\node_modules\nan
384 verbose about to build C:\Users\Kevin\Documents\Personal\Coding\MEAN_stack\MEAN\mean_project\mean_project\node_modules\bcrypt
385 info build C:\Users\Kevin\Documents\Personal\Coding\MEAN_stack\MEAN\mean_project\mean_project\node_modules\bcrypt
386 info linkStuff bcrypt@0.8.6
387 silly linkStuff bcrypt@0.8.6 has C:\Users\Kevin\Documents\Personal\Coding\MEAN_stack\MEAN\mean_project\mean_project\node_modules as its parent node_modules
388 verbose linkBins bcrypt@0.8.6
389 verbose linkMans bcrypt@0.8.6
390 verbose rebuildBundles bcrypt@0.8.6
391 verbose rebuildBundles [ 'bindings', 'nan' ]
392 info install bcrypt@0.8.6
393 verbose unsafe-perm in lifecycle true
394 info bcrypt@0.8.6 Failed to exec install script
395 verbose unlock done using C:\Users\Kevin\AppData\Roaming\npm-cache\_locks\bcrypt-6cc4337dc8facef6.lock for C:\Users\Kevin\Documents\Personal\Coding\MEAN_stack\MEAN\mean_project\mean_project\node_modules\bcrypt
396 verbose stack Error: bcrypt@0.8.6 install: `node-gyp rebuild`
396 verbose stack Exit status 1
396 verbose stack     at EventEmitter.<anonymous> (C:\Program Files\nodejs\node_modules\npm\lib\utils\lifecycle.js:217:16)
396 verbose stack     at emitTwo (events.js:87:13)
396 verbose stack     at EventEmitter.emit (events.js:172:7)
396 verbose stack     at ChildProcess.<anonymous> (C:\Program Files\nodejs\node_modules\npm\lib\utils\spawn.js:24:14)
396 verbose stack     at emitTwo (events.js:87:13)
396 verbose stack     at ChildProcess.emit (events.js:172:7)
396 verbose stack     at maybeClose (internal/child_process.js:827:16)
396 verbose stack     at Process.ChildProcess._handle.onexit (internal/child_process.js:211:5)
397 verbose pkgid bcrypt@0.8.6
398 verbose cwd C:\Users\Kevin\Documents\Personal\Coding\MEAN_stack\MEAN\mean_project\mean_project
399 error Windows_NT 10.0.10586
400 error argv "C:\\Program Files\\nodejs\\node.exe" "C:\\Program Files\\nodejs\\node_modules\\npm\\bin\\npm-cli.js" "install" "bcrypt"
401 error node v4.4.2
402 error npm  v2.15.0
403 error code ELIFECYCLE
404 error bcrypt@0.8.6 install: `node-gyp rebuild`
404 error Exit status 1
405 error Failed at the bcrypt@0.8.6 install script 'node-gyp rebuild'.
405 error This is most likely a problem with the bcrypt package,
405 error not with npm itself.
405 error Tell the author that this fails on your system:
405 error     node-gyp rebuild
405 error You can get information on how to open an issue for this project with:
405 error     npm bugs bcrypt
405 error Or if that isn't available, you can get their info via:
405 error
405 error     npm owner ls bcrypt
405 error There is likely additional logging output above.
406 verbose exit [ 1, true ]
407 verbose unbuild node_modules\bcrypt
408 info preuninstall bcrypt@0.8.6
409 info uninstall bcrypt@0.8.6
410 verbose unbuild rmStuff bcrypt@0.8.6 from C:\Users\Kevin\Documents\Personal\Coding\MEAN_stack\MEAN\mean_project\mean_project\node_modules
411 info postuninstall bcrypt@0.8.6
412 silly gentlyRm C:\Users\Kevin\Documents\Personal\Coding\MEAN_stack\MEAN\mean_project\mean_project\node_modules\bcrypt is being purged from base C:\Users\Kevin\Documents\Personal\Coding\MEAN_stack\MEAN\mean_project\mean_project
413 verbose gentlyRm don't care about contents; nuking C:\Users\Kevin\Documents\Personal\Coding\MEAN_stack\MEAN\mean_project\mean_project\node_modules\bcrypt
414 silly vacuum-fs purging C:\Users\Kevin\Documents\Personal\Coding\MEAN_stack\MEAN\mean_project\mean_project\node_modules\bcrypt
415 silly vacuum-fs quitting because other entries in C:\Users\Kevin\Documents\Personal\Coding\MEAN_stack\MEAN\mean_project\mean_project\node_modules
